2022-09-19  9:27:57 0 [Note] InnoDB: Mutexes and rw_locks use Windows interlocked functions
2022-09-19  9:27:57 0 [Note] InnoDB: Uses event mutexes
2022-09-19  9:27:57 0 [Note] InnoDB: Compressed tables use zlib 1.2.11
2022-09-19  9:27:57 0 [Note] InnoDB: Number of pools: 1
2022-09-19  9:27:57 0 [Note] InnoDB: Using SSE2 crc32 instructions
2022-09-19  9:27:57 0 [Note] InnoDB: Initializing buffer pool, total size = 16M, instances = 1, chunk size = 16M
2022-09-19  9:27:57 0 [Note] InnoDB: Completed initialization of buffer pool
2022-09-19  9:27:57 0 [Note] InnoDB: Starting crash recovery from checkpoint LSN=300288
2022-09-19  9:27:57 0 [Note] InnoDB: 128 out of 128 rollback segments are active.
2022-09-19  9:27:57 0 [Note] InnoDB: Removed temporary tablespace data file: "ibtmp1"
2022-09-19  9:27:57 0 [Note] InnoDB: Creating shared tablespace for temporary tables
2022-09-19  9:27:57 0 [Note] InnoDB: Setting file 'C:\xampp\mysql\data\ibtmp1' size to 12 MB. Physically writing the file full; Please wait ...
2022-09-19  9:27:57 0 [Note] InnoDB: File 'C:\xampp\mysql\data\ibtmp1' size is now 12 MB.
2022-09-19  9:27:57 0 [Note] InnoDB: Waiting for purge to start
2022-09-19  9:27:57 0 [Note] InnoDB: 10.4.24 started; log sequence number 300297; transaction id 170
2022-09-19  9:27:57 0 [Note] InnoDB: Loading buffer pool(s) from C:\xampp\mysql\data\ib_buffer_pool
2022-09-19  9:27:57 0 [Note] Plugin 'FEEDBACK' is disabled.
2022-09-19  9:27:57 0 [Note] Server socket created on IP: '::'.
2022-09-19  9:27:57 0 [Note] InnoDB: Buffer pool(s) load completed at 220919  9:27:57
2022-09-19  9:27:57 0 [Note] Reading of all Master_info entries succeeded
2022-09-19  9:27:57 0 [Note] Added new Master_info '' to hash table
2022-09-19  9:27:57 0 [Note] C:\xampp\mysql\bin\mysqld.exe: ready for connections.
Version: '10.4.24-MariaDB'  socket: ''  port: 3306  mariadb.org binary distribution
2022-09-19  9:29:40 13 [Warning] Access denied for user ''@'localhost' (using password: NO)
2022-09-19  9:29:40 15 [Warning] Access denied for user ''@'localhost' (using password: NO)
2022-09-19 11:03:09 0 [Note] C:\xampp\mysql\bin\mysqld.exe (initiated by: unknown): Normal shutdown
2022-09-19 11:03:09 0 [Note] Event Scheduler: Purging the queue. 0 events
2022-09-19 11:03:09 0 [Note] InnoDB: FTS optimize thread exiting.
2022-09-19 11:03:09 0 [Note] InnoDB: Starting shutdown...
2022-09-19 11:03:09 0 [Note] InnoDB: Dumping buffer pool(s) to C:\xampp\mysql\data\ib_buffer_pool
2022-09-19 11:03:09 0 [Note] InnoDB: Instance 0, restricted to 250 pages due to innodb_buf_pool_dump_pct=25
2022-09-19 11:03:09 0 [Note] InnoDB: Buffer pool(s) dump completed at 220919 11:03:09
2022-09-19 11:03:10 0 [Note] InnoDB: Removed temporary tablespace data file: "ibtmp1"
2022-09-19 11:03:10 0 [Note] InnoDB: Shutdown completed; log sequence number 318229; transaction id 236
2022-09-19 11:03:10 0 [Note] C:\xampp\mysql\bin\mysqld.exe: Shutdown complete

2022-09-20  8:24:41 0 [Note] InnoDB: Mutexes and rw_locks use Windows interlocked functions
2022-09-20  8:24:41 0 [Note] InnoDB: Uses event mutexes
2022-09-20  8:24:41 0 [Note] InnoDB: Compressed tables use zlib 1.2.11
2022-09-20  8:24:41 0 [Note] InnoDB: Number of pools: 1
2022-09-20  8:24:41 0 [Note] InnoDB: Using SSE2 crc32 instructions
2022-09-20  8:24:41 0 [Note] InnoDB: Initializing buffer pool, total size = 16M, instances = 1, chunk size = 16M
2022-09-20  8:24:41 0 [Note] InnoDB: Completed initialization of buffer pool
2022-09-20  8:24:41 0 [Note] InnoDB: 128 out of 128 rollback segments are active.
2022-09-20  8:24:41 0 [Note] InnoDB: Creating shared tablespace for temporary tables
2022-09-20  8:24:41 0 [Note] InnoDB: Setting file 'C:\xampp\mysql\data\ibtmp1' size to 12 MB. Physically writing the file full; Please wait ...
2022-09-20  8:24:41 0 [Note] InnoDB: File 'C:\xampp\mysql\data\ibtmp1' size is now 12 MB.
2022-09-20  8:24:41 0 [Note] InnoDB: Waiting for purge to start
2022-09-20  8:24:41 0 [Note] InnoDB: 10.4.24 started; log sequence number 318229; transaction id 231
2022-09-20  8:24:41 0 [Note] InnoDB: Loading buffer pool(s) from C:\xampp\mysql\data\ib_buffer_pool
2022-09-20  8:24:41 0 [Note] Plugin 'FEEDBACK' is disabled.
2022-09-20  8:24:41 0 [Note] Server socket created on IP: '::'.
2022-09-20  8:24:41 0 [Note] InnoDB: Buffer pool(s) load completed at 220920  8:24:41
2022-09-20  8:24:41 0 [Note] Reading of all Master_info entries succeeded
2022-09-20  8:24:41 0 [Note] Added new Master_info '' to hash table
2022-09-20  8:24:41 0 [Note] C:\xampp\mysql\bin\mysqld.exe: ready for connections.
Version: '10.4.24-MariaDB'  socket: ''  port: 3306  mariadb.org binary distribution
2022-09-20 11:14:20 0 [Note] C:\xampp\mysql\bin\mysqld.exe (initiated by: unknown): Normal shutdown
2022-09-20 11:14:20 0 [Note] Event Scheduler: Purging the queue. 0 events
2022-09-20 11:14:20 0 [Note] InnoDB: FTS optimize thread exiting.
2022-09-20 11:14:20 0 [Note] InnoDB: Starting shutdown...
2022-09-20 11:14:20 0 [Note] InnoDB: Dumping buffer pool(s) to C:\xampp\mysql\data\ib_buffer_pool
2022-09-20 11:14:20 0 [Note] InnoDB: Instance 0, restricted to 250 pages due to innodb_buf_pool_dump_pct=25
2022-09-20 11:14:20 0 [Note] InnoDB: Buffer pool(s) dump completed at 220920 11:14:20
2022-09-20 11:14:21 0 [Note] InnoDB: Removed temporary tablespace data file: "ibtmp1"
2022-09-20 11:14:21 0 [Note] InnoDB: Shutdown completed; log sequence number 318238; transaction id 232
2022-09-20 11:14:21 0 [Note] C:\xampp\mysql\bin\mysqld.exe: Shutdown complete

2022-09-20 11:52:04 0 [Note] InnoDB: Mutexes and rw_locks use Windows interlocked functions
2022-09-20 11:52:04 0 [Note] InnoDB: Uses event mutexes
2022-09-20 11:52:04 0 [Note] InnoDB: Compressed tables use zlib 1.2.11
2022-09-20 11:52:04 0 [Note] InnoDB: Number of pools: 1
2022-09-20 11:52:04 0 [Note] InnoDB: Using SSE2 crc32 instructions
2022-09-20 11:52:04 0 [Note] InnoDB: Initializing buffer pool, total size = 16M, instances = 1, chunk size = 16M
2022-09-20 11:52:04 0 [Note] InnoDB: Completed initialization of buffer pool
2022-09-20 11:52:04 0 [Note] InnoDB: 128 out of 128 rollback segments are active.
2022-09-20 11:52:04 0 [Note] InnoDB: Creating shared tablespace for temporary tables
2022-09-20 11:52:04 0 [Note] InnoDB: Setting file 'C:\xampp\mysql\data\ibtmp1' size to 12 MB. Physically writing the file full; Please wait ...
2022-09-20 11:52:04 0 [Note] InnoDB: File 'C:\xampp\mysql\data\ibtmp1' size is now 12 MB.
2022-09-20 11:52:04 0 [Note] InnoDB: Waiting for purge to start
2022-09-20 11:52:04 0 [Note] InnoDB: 10.4.24 started; log sequence number 318238; transaction id 231
2022-09-20 11:52:04 0 [Note] InnoDB: Loading buffer pool(s) from C:\xampp\mysql\data\ib_buffer_pool
2022-09-20 11:52:04 0 [Note] Plugin 'FEEDBACK' is disabled.
2022-09-20 11:52:04 0 [Note] Server socket created on IP: '::'.
2022-09-20 11:52:04 0 [Note] InnoDB: Buffer pool(s) load completed at 220920 11:52:04
2022-09-20 11:52:04 0 [Note] Reading of all Master_info entries succeeded
2022-09-20 11:52:04 0 [Note] Added new Master_info '' to hash table
2022-09-20 11:52:04 0 [Note] C:\xampp\mysql\bin\mysqld.exe: ready for connections.
Version: '10.4.24-MariaDB'  socket: ''  port: 3306  mariadb.org binary distribution
2022-09-20 14:44:09 0 [Note] C:\xampp\mysql\bin\mysqld.exe (initiated by: unknown): Normal shutdown
2022-09-20 14:44:09 0 [Note] Event Scheduler: Purging the queue. 0 events
2022-09-20 14:44:09 0 [Note] InnoDB: FTS optimize thread exiting.
2022-09-20 14:44:09 0 [Note] InnoDB: Starting shutdown...
2022-09-20 14:44:09 0 [Note] InnoDB: Dumping buffer pool(s) to C:\xampp\mysql\data\ib_buffer_pool
2022-09-20 14:44:09 0 [Note] InnoDB: Instance 0, restricted to 250 pages due to innodb_buf_pool_dump_pct=25
2022-09-20 14:44:09 0 [Note] InnoDB: Buffer pool(s) dump completed at 220920 14:44:09
2022-09-20 14:44:09 0 [Note] InnoDB: Removed temporary tablespace data file: "ibtmp1"
2022-09-20 14:44:09 0 [Note] InnoDB: Shutdown completed; log sequence number 400830; transaction id 380
2022-09-20 14:44:09 0 [Note] C:\xampp\mysql\bin\mysqld.exe: Shutdown complete

2022-09-22  7:24:33 0 [Note] InnoDB: Mutexes and rw_locks use Windows interlocked functions
2022-09-22  7:24:33 0 [Note] InnoDB: Uses event mutexes
2022-09-22  7:24:33 0 [Note] InnoDB: Compressed tables use zlib 1.2.11
2022-09-22  7:24:33 0 [Note] InnoDB: Number of pools: 1
2022-09-22  7:24:33 0 [Note] InnoDB: Using SSE2 crc32 instructions
2022-09-22  7:24:33 0 [Note] InnoDB: Initializing buffer pool, total size = 16M, instances = 1, chunk size = 16M
2022-09-22  7:24:33 0 [Note] InnoDB: Completed initialization of buffer pool
2022-09-22  7:24:33 0 [Note] InnoDB: 128 out of 128 rollback segments are active.
2022-09-22  7:24:33 0 [Note] InnoDB: Creating shared tablespace for temporary tables
2022-09-22  7:24:33 0 [Note] InnoDB: Setting file 'C:\xampp\mysql\data\ibtmp1' size to 12 MB. Physically writing the file full; Please wait ...
2022-09-22  7:24:33 0 [Note] InnoDB: File 'C:\xampp\mysql\data\ibtmp1' size is now 12 MB.
2022-09-22  7:24:33 0 [Note] InnoDB: Waiting for purge to start
2022-09-22  7:24:33 0 [Note] InnoDB: 10.4.24 started; log sequence number 400830; transaction id 381
2022-09-22  7:24:33 0 [Note] InnoDB: Loading buffer pool(s) from C:\xampp\mysql\data\ib_buffer_pool
2022-09-22  7:24:33 0 [Note] Plugin 'FEEDBACK' is disabled.
2022-09-22  7:24:33 0 [Note] Server socket created on IP: '::'.
2022-09-22  7:24:33 0 [Note] InnoDB: Buffer pool(s) load completed at 220922  7:24:33
2022-09-22  7:24:33 0 [Note] Reading of all Master_info entries succeeded
2022-09-22  7:24:33 0 [Note] Added new Master_info '' to hash table
2022-09-22  7:24:33 0 [Note] C:\xampp\mysql\bin\mysqld.exe: ready for connections.
Version: '10.4.24-MariaDB'  socket: ''  port: 3306  mariadb.org binary distribution
2022-09-22 10:14:10 0 [Note] C:\xampp\mysql\bin\mysqld.exe (initiated by: unknown): Normal shutdown
2022-09-22 10:14:10 0 [Note] Event Scheduler: Purging the queue. 0 events
2022-09-22 10:14:10 0 [Note] InnoDB: FTS optimize thread exiting.
2022-09-22 10:14:10 0 [Note] InnoDB: Starting shutdown...
2022-09-22 10:14:10 0 [Note] InnoDB: Dumping buffer pool(s) to C:\xampp\mysql\data\ib_buffer_pool
2022-09-22 10:14:10 0 [Note] InnoDB: Instance 0, restricted to 250 pages due to innodb_buf_pool_dump_pct=25
2022-09-22 10:14:10 0 [Note] InnoDB: Buffer pool(s) dump completed at 220922 10:14:10
2022-09-22 10:14:11 0 [Note] InnoDB: Removed temporary tablespace data file: "ibtmp1"
2022-09-22 10:14:11 0 [Note] InnoDB: Shutdown completed; log sequence number 400839; transaction id 382
2022-09-22 10:14:11 0 [Note] C:\xampp\mysql\bin\mysqld.exe: Shutdown complete

2022-09-22 11:53:24 0 [Note] InnoDB: Mutexes and rw_locks use Windows interlocked functions
2022-09-22 11:53:24 0 [Note] InnoDB: Uses event mutexes
2022-09-22 11:53:24 0 [Note] InnoDB: Compressed tables use zlib 1.2.11
2022-09-22 11:53:24 0 [Note] InnoDB: Number of pools: 1
2022-09-22 11:53:24 0 [Note] InnoDB: Using SSE2 crc32 instructions
2022-09-22 11:53:24 0 [Note] InnoDB: Initializing buffer pool, total size = 16M, instances = 1, chunk size = 16M
2022-09-22 11:53:24 0 [Note] InnoDB: Completed initialization of buffer pool
2022-09-22 11:53:24 0 [Note] InnoDB: 128 out of 128 rollback segments are active.
2022-09-22 11:53:24 0 [Note] InnoDB: Creating shared tablespace for temporary tables
2022-09-22 11:53:24 0 [Note] InnoDB: Setting file 'C:\xampp\mysql\data\ibtmp1' size to 12 MB. Physically writing the file full; Please wait ...
2022-09-22 11:53:24 0 [Note] InnoDB: File 'C:\xampp\mysql\data\ibtmp1' size is now 12 MB.
2022-09-22 11:53:24 0 [Note] InnoDB: Waiting for purge to start
2022-09-22 11:53:24 0 [Note] InnoDB: 10.4.24 started; log sequence number 400839; transaction id 381
2022-09-22 11:53:24 0 [Note] InnoDB: Loading buffer pool(s) from C:\xampp\mysql\data\ib_buffer_pool
2022-09-22 11:53:24 0 [Note] Plugin 'FEEDBACK' is disabled.
2022-09-22 11:53:24 0 [Note] Server socket created on IP: '::'.
2022-09-22 11:53:24 0 [Note] InnoDB: Buffer pool(s) load completed at 220922 11:53:24
2022-09-22 11:53:24 0 [Note] Reading of all Master_info entries succeeded
2022-09-22 11:53:24 0 [Note] Added new Master_info '' to hash table
2022-09-22 11:53:24 0 [Note] C:\xampp\mysql\bin\mysqld.exe: ready for connections.
Version: '10.4.24-MariaDB'  socket: ''  port: 3306  mariadb.org binary distribution
2022-09-22 12:45:13 0 [Note] C:\xampp\mysql\bin\mysqld.exe (initiated by: unknown): Normal shutdown
2022-09-22 12:45:13 0 [Note] Event Scheduler: Purging the queue. 0 events
2022-09-22 12:45:13 0 [Note] InnoDB: FTS optimize thread exiting.
2022-09-22 12:45:13 0 [Note] InnoDB: Starting shutdown...
2022-09-22 12:45:13 0 [Note] InnoDB: Dumping buffer pool(s) to C:\xampp\mysql\data\ib_buffer_pool
2022-09-22 12:45:13 0 [Note] InnoDB: Instance 0, restricted to 250 pages due to innodb_buf_pool_dump_pct=25
2022-09-22 12:45:13 0 [Note] InnoDB: Buffer pool(s) dump completed at 220922 12:45:13
2022-09-22 12:45:14 0 [Note] InnoDB: Removed temporary tablespace data file: "ibtmp1"
2022-09-22 12:45:14 0 [Note] InnoDB: Shutdown completed; log sequence number 400848; transaction id 382
2022-09-22 12:45:14 0 [Note] C:\xampp\mysql\bin\mysqld.exe: Shutdown complete

2022-09-22 12:53:48 0 [Note] InnoDB: Mutexes and rw_locks use Windows interlocked functions
2022-09-22 12:53:48 0 [Note] InnoDB: Uses event mutexes
2022-09-22 12:53:48 0 [Note] InnoDB: Compressed tables use zlib 1.2.11
2022-09-22 12:53:48 0 [Note] InnoDB: Number of pools: 1
2022-09-22 12:53:48 0 [Note] InnoDB: Using SSE2 crc32 instructions
2022-09-22 12:53:48 0 [Note] InnoDB: Initializing buffer pool, total size = 16M, instances = 1, chunk size = 16M
2022-09-22 12:53:48 0 [Note] InnoDB: Completed initialization of buffer pool
2022-09-22 12:53:48 0 [Note] InnoDB: 128 out of 128 rollback segments are active.
2022-09-22 12:53:48 0 [Note] InnoDB: Creating shared tablespace for temporary tables
2022-09-22 12:53:48 0 [Note] InnoDB: Setting file 'C:\xampp\mysql\data\ibtmp1' size to 12 MB. Physically writing the file full; Please wait ...
2022-09-22 12:53:48 0 [Note] InnoDB: File 'C:\xampp\mysql\data\ibtmp1' size is now 12 MB.
2022-09-22 12:53:48 0 [Note] InnoDB: Waiting for purge to start
2022-09-22 12:53:48 0 [Note] InnoDB: 10.4.24 started; log sequence number 400848; transaction id 381
2022-09-22 12:53:48 0 [Note] InnoDB: Loading buffer pool(s) from C:\xampp\mysql\data\ib_buffer_pool
2022-09-22 12:53:48 0 [Note] Plugin 'FEEDBACK' is disabled.
2022-09-22 12:53:49 0 [Note] InnoDB: Buffer pool(s) load completed at 220922 12:53:49
2022-09-22 12:53:49 0 [Note] Server socket created on IP: '::'.
2022-09-22 12:53:49 0 [Note] Reading of all Master_info entries succeeded
2022-09-22 12:53:49 0 [Note] Added new Master_info '' to hash table
2022-09-22 12:53:49 0 [Note] C:\xampp\mysql\bin\mysqld.exe: ready for connections.
Version: '10.4.24-MariaDB'  socket: ''  port: 3306  mariadb.org binary distribution
2022-09-22 14:43:44 0 [Note] C:\xampp\mysql\bin\mysqld.exe (initiated by: unknown): Normal shutdown
2022-09-22 14:43:44 0 [Note] Event Scheduler: Purging the queue. 0 events
2022-09-22 14:43:44 0 [Note] InnoDB: FTS optimize thread exiting.
2022-09-22 14:43:45 0 [Note] InnoDB: Starting shutdown...
2022-09-22 14:43:45 0 [Note] InnoDB: Dumping buffer pool(s) to C:\xampp\mysql\data\ib_buffer_pool
2022-09-22 14:43:45 0 [Note] InnoDB: Instance 0, restricted to 250 pages due to innodb_buf_pool_dump_pct=25
2022-09-22 14:43:45 0 [Note] InnoDB: Buffer pool(s) dump completed at 220922 14:43:45
2022-09-22 14:43:46 0 [Note] InnoDB: Removed temporary tablespace data file: "ibtmp1"
2022-09-22 14:43:46 0 [Note] InnoDB: Shutdown completed; log sequence number 400857; transaction id 384
2022-09-22 14:43:46 0 [Note] C:\xampp\mysql\bin\mysqld.exe: Shutdown complete

2022-09-23  6:17:05 0 [Note] InnoDB: Mutexes and rw_locks use Windows interlocked functions
2022-09-23  6:17:05 0 [Note] InnoDB: Uses event mutexes
2022-09-23  6:17:05 0 [Note] InnoDB: Compressed tables use zlib 1.2.11
2022-09-23  6:17:05 0 [Note] InnoDB: Number of pools: 1
2022-09-23  6:17:05 0 [Note] InnoDB: Using SSE2 crc32 instructions
2022-09-23  6:17:05 0 [Note] InnoDB: Initializing buffer pool, total size = 16M, instances = 1, chunk size = 16M
2022-09-23  6:17:05 0 [Note] InnoDB: Completed initialization of buffer pool
2022-09-23  6:17:06 0 [Note] InnoDB: 128 out of 128 rollback segments are active.
2022-09-23  6:17:06 0 [Note] InnoDB: Creating shared tablespace for temporary tables
2022-09-23  6:17:06 0 [Note] InnoDB: Setting file 'C:\xampp\mysql\data\ibtmp1' size to 12 MB. Physically writing the file full; Please wait ...
2022-09-23  6:17:06 0 [Note] InnoDB: File 'C:\xampp\mysql\data\ibtmp1' size is now 12 MB.
2022-09-23  6:17:06 0 [Note] InnoDB: Waiting for purge to start
2022-09-23  6:17:06 0 [Note] InnoDB: 10.4.24 started; log sequence number 400857; transaction id 381
2022-09-23  6:17:06 0 [Note] InnoDB: Loading buffer pool(s) from C:\xampp\mysql\data\ib_buffer_pool
2022-09-23  6:17:06 0 [Note] Plugin 'FEEDBACK' is disabled.
2022-09-23  6:17:06 0 [Note] Server socket created on IP: '::'.
2022-09-23  6:17:06 0 [Note] InnoDB: Buffer pool(s) load completed at 220923  6:17:06
2022-09-23  6:17:06 0 [Note] Reading of all Master_info entries succeeded
2022-09-23  6:17:06 0 [Note] Added new Master_info '' to hash table
2022-09-23  6:17:06 0 [Note] C:\xampp\mysql\bin\mysqld.exe: ready for connections.
Version: '10.4.24-MariaDB'  socket: ''  port: 3306  mariadb.org binary distribution
2022-09-23  8:47:01 0 [Note] C:\xampp\mysql\bin\mysqld.exe (initiated by: unknown): Normal shutdown
2022-09-23  8:47:01 0 [Note] Event Scheduler: Purging the queue. 0 events
2022-09-23  8:47:01 0 [Note] InnoDB: FTS optimize thread exiting.
2022-09-23  8:47:01 0 [Note] InnoDB: Starting shutdown...
2022-09-23  8:47:01 0 [Note] InnoDB: Dumping buffer pool(s) to C:\xampp\mysql\data\ib_buffer_pool
2022-09-23  8:47:01 0 [Note] InnoDB: Instance 0, restricted to 250 pages due to innodb_buf_pool_dump_pct=25
2022-09-23  8:47:01 0 [Note] InnoDB: Buffer pool(s) dump completed at 220923  8:47:01
2022-09-23  8:47:02 0 [Note] InnoDB: Removed temporary tablespace data file: "ibtmp1"
2022-09-23  8:47:02 0 [Note] InnoDB: Shutdown completed; log sequence number 400866; transaction id 382
2022-09-23  8:47:02 0 [Note] C:\xampp\mysql\bin\mysqld.exe: Shutdown complete

