9:26:40  [main] 	Initializing Control Panel
9:26:40  [main] 	Windows Version:  Enterprise  64-bit
9:26:40  [main] 	XAMPP Version: 8.1.6
9:26:40  [main] 	Control Panel Version: 3.3.0  [ Compiled: Apr 6th 2021 ]
9:26:40  [main] 	Running with Administrator rights - good!
9:26:40  [main] 	XAMPP Installation Directory: "c:\xampp\"
9:26:41  [main] 	Checking for prerequisites
9:26:42  [main] 	All prerequisites found
9:26:42  [main] 	Initializing Modules
9:26:42  [main] 	Starting Check-Timer
9:26:42  [main] 	Control Panel Ready
9:27:40  [Apache] 	Attempting to start Apache app...
9:27:40  [Apache] 	Status change detected: running
9:27:48  [Apache] 	Attempting to stop Apache (PID: 8436)
9:27:48  [Apache] 	Attempting to stop Apache (PID: 5504)
9:27:48  [Apache] 	Status change detected: stopped
9:27:51  [Apache] 	Installing service...
9:27:52  [Apache] 	Successful!
9:27:54  [mysql] 	Installing service...
9:27:54  [mysql] 	Successful!
9:27:55  [Apache] 	Attempting to start Apache service...
9:27:56  [Apache] 	Status change detected: running
9:27:57  [mysql] 	Attempting to start MySQL service...
9:27:57  [mysql] 	Status change detected: running
9:28:01  [Apache] 	Attempting to stop Apache service...
9:28:03  [Apache] 	Status change detected: stopped
9:29:35  [Apache] 	Attempting to start Apache service...
9:29:35  [Apache] 	Status change detected: running
11:03:07  [main] 	Deinitializing Modules
11:03:07  [main] 	Deinitializing Control Panel

13:20:03  [main] 	Initializing Control Panel
13:20:03  [main] 	Windows Version:  Enterprise  64-bit
13:20:03  [main] 	XAMPP Version: 8.1.6
13:20:03  [main] 	Control Panel Version: 3.3.0  [ Compiled: Apr 6th 2021 ]
13:20:03  [main] 	Running with Administrator rights - good!
13:20:03  [main] 	XAMPP Installation Directory: "c:\xampp\"
13:20:03  [main] 	Checking for prerequisites
13:20:05  [main] 	All prerequisites found
13:20:05  [main] 	Initializing Modules
13:20:05  [Apache] 	XAMPP Apache Service is already running on port 80
13:20:05  [Apache] 	XAMPP Apache Service is already running on port 443
13:20:05  [mysql] 	XAMPP MySQL Service is already running on port 3306
13:20:05  [main] 	Starting Check-Timer
13:20:05  [main] 	Control Panel Ready
14:43:43  [main] 	Deinitializing Modules
14:43:43  [main] 	Deinitializing Control Panel

8:46:52  [main] 	Initializing Control Panel
8:46:52  [main] 	Windows Version:  Enterprise  64-bit
8:46:52  [main] 	XAMPP Version: 8.1.6
8:46:52  [main] 	Control Panel Version: 3.3.0  [ Compiled: Apr 6th 2021 ]
8:46:52  [main] 	Running with Administrator rights - good!
8:46:52  [main] 	XAMPP Installation Directory: "c:\xampp\"
8:46:52  [main] 	Checking for prerequisites
8:46:53  [main] 	All prerequisites found
8:46:53  [main] 	Initializing Modules
8:46:53  [Apache] 	XAMPP Apache Service is already running on port 80
8:46:53  [Apache] 	XAMPP Apache Service is already running on port 443
8:46:53  [mysql] 	XAMPP MySQL Service is already running on port 3306
8:46:53  [main] 	Starting Check-Timer
8:46:53  [main] 	Control Panel Ready
8:47:00  [Apache] 	Attempting to stop Apache service...
8:47:01  [mysql] 	Attempting to stop MySQL service...
8:47:02  [mysql] 	Status change detected: stopped
8:47:03  [Apache] 	Status change detected: stopped
8:47:10  [main] 	Deinitializing Modules
8:47:10  [main] 	Deinitializing Control Panel

